<navigation:ExamplePage xmlns:navigation="navigation/example-page" loaded="onPageLoaded" xmlns:lv="nativescript-telerik-ui/listview" xmlns="http://www.nativescript.org/tns.xsd">
<!-- >> xml-snippet -->
    <StackLayout>
        <Label fontSize="20" text="{{ itemName }}"/>
    </StackLayout>
<!-- << xml-snippet -->
</navigation:ExamplePage>